<?xml version="1.0" encoding="UTF-8"?>
<!-- Generated by org.testng.reporters.JUnitXMLReporter -->
<testsuite ignored="0" hostname="DESKTOP-O5BAGMD" failures="1" tests="1" name="Test" time="17.45" errors="0" timestamp="25 Sep 2019 16:05:22 GMT">
  <testcase classname="testPages.GoogleSearchTest" name="titleTestandSearch" time="5.526">
    <failure type="java.lang.NullPointerException">
      <![CDATA[java.lang.NullPointerException
at pages.BirstHomePage.verifyLogoAndClickResources(BirstHomePage.java:17)
at testPages.GoogleSearchTest.titleTestandSearch(GoogleSearchTest.java:48)
... Removed 25 stack frames]]>
    </failure>
  </testcase> <!-- titleTestandSearch -->
</testsuite> <!-- Test -->
